<?xml version="1.0" encoding="UTF-8"?>
<testsuite xmlns:xsi="http://www.w3.org/2001/XMLSchema-instance" xsi:noNamespaceSchemaLocation="https://maven.apache.org/surefire/maven-surefire-plugin/xsd/surefire-test-report-3.0.xsd" version="3.0" name="de.PMD_Report_Extractor.util.ReportFormatterTest" time="1.409" tests="5" errors="0" skipped="0" failures="0">
  <properties>
[...]
</properties>
  <testcase name="merge_nonExisting_existing_nonrelated_new_Test" classname="de.PMD_Report_Extractor.util.ReportFormatterTest$MergeExcludesTest" time="0.11"/>
  <testcase name="merge_existing_Test" classname="de.PMD_Report_Extractor.util.ReportFormatterTest$MergeExcludesTest" time="0.008"/>
  <testcase name="merge_nonrelated_Test" classname="de.PMD_Report_Extractor.util.ReportFormatterTest$MergeExcludesTest" time="0.009"/>
  <testcase name="merge_nonexisting_Test" classname="de.PMD_Report_Extractor.util.ReportFormatterTest$MergeExcludesTest" time="0.008"/>
  <testcase name="merge_new_Test" classname="de.PMD_Report_Extractor.util.ReportFormatterTest$MergeExcludesTest" time="0.011"/>
</testsuite>